app/build/intermediates/manifest_merge_blame_file/debug/manifest-merger-blame-debug-report.txt
1<?xml version="1.0" encoding="utf-8"?>
2<manifest xmlns:android="http://schemas.android.com/apk/res/android"
3    package="com.example.cardmaker"
4    android:versionCode="1"
5    android:versionName="1.0" >
6
7    <uses-sdk
8        android:minSdkVersion="18"
8-->src\main\AndroidManifest.xml
9        android:targetSdkVersion="28" />
9-->src\main\AndroidManifest.xml
10
11    <uses-permission android:name="android.permission.INTERNET" />
11-->src\main\AndroidManifest.xml:5:5-67
11-->src\main\AndroidManifest.xml:5:22-64
12    <uses-permission android:name="android.permission.READ_EXTERNAL_STORAGE" />
12-->src\main\AndroidManifest.xml:6:5-80
12-->src\main\AndroidManifest.xml:6:22-77
13    <uses-permission android:name="android.permission.WRITE_EXTERNAL_STORAGE" />
13-->src\main\AndroidManifest.xml:7:5-81
13-->src\main\AndroidManifest.xml:7:22-78
14    <uses-permission android:name="com.google.android.c2dm.permission.RECEIVE" />
14-->src\main\AndroidManifest.xml:8:5-82
14-->src\main\AndroidManifest.xml:8:22-79
15
16    <!-- Although the *SdkVersion is captured in gradle build files, this is required for non gradle builds -->
17    <!-- <uses-sdk android:minSdkVersion="14"/> -->
18    <uses-permission android:name="android.permission.ACCESS_NETWORK_STATE" />
18-->[com.google.firebase:firebase-database:17.0.0] AndroidManifest.xml:25:5-79
18-->[com.google.firebase:firebase-database:17.0.0] AndroidManifest.xml:25:22-76
19    <uses-permission android:name="android.permission.WAKE_LOCK" />
19-->[com.google.android.gms:play-services-measurement-api:16.5.0] AndroidManifest.xml:24:5-68
19-->[com.google.android.gms:play-services-measurement-api:16.5.0] AndroidManifest.xml:24:22-65
20    <uses-permission android:name="com.google.android.finsky.permission.BIND_GET_INSTALL_REFERRER_SERVICE" />
20-->[com.google.android.gms:play-services-measurement:16.5.0] AndroidManifest.xml:26:5-110
20-->[com.google.android.gms:play-services-measurement:16.5.0] AndroidManifest.xml:26:22-107
21
22    <application
22-->src\main\AndroidManifest.xml:10:5-83:19
23        android:allowBackup="true"
23-->src\main\AndroidManifest.xml:11:9-35
24        android:appComponentFactory="android.support.v4.app.CoreComponentFactory"
24-->[com.android.support:support-compat:28.0.0] AndroidManifest.xml:22:18-91
25        android:debuggable="true"
26        android:icon="@mipmap/ic_launcher"
26-->src\main\AndroidManifest.xml:12:9-43
27        android:label="@string/app_name"
27-->src\main\AndroidManifest.xml:13:9-41
28        android:roundIcon="@mipmap/ic_launcher_round"
28-->src\main\AndroidManifest.xml:14:9-54
29        android:supportsRtl="true"
29-->src\main\AndroidManifest.xml:15:9-35
30        android:theme="@style/AppTheme" >
30-->src\main\AndroidManifest.xml:16:9-40
31        <service
31-->src\main\AndroidManifest.xml:19:9-28:19
32            android:name="com.example.cardmaker.MyFirebaseService"
32-->src\main\AndroidManifest.xml:22:13-46
33            android:enabled="true"
33-->src\main\AndroidManifest.xml:20:13-35
34            android:exported="true"
34-->src\main\AndroidManifest.xml:21:13-36
35            android:permission="com.google.android.c2dm.permission.SEND" >
35-->src\main\AndroidManifest.xml:23:13-73
36            <intent-filter>
36-->src\main\AndroidManifest.xml:24:13-27:29
37                <action android:name="com.google.firebase.MESSAGING_EVENT" />
37-->src\main\AndroidManifest.xml:25:17-78
37-->src\main\AndroidManifest.xml:25:25-75
38                <action android:name="com.google.android.c2dm.intent.RECEIVE" />
38-->src\main\AndroidManifest.xml:26:17-81
38-->src\main\AndroidManifest.xml:26:25-78
39            </intent-filter>
40        </service>
41
42        <activity
42-->src\main\AndroidManifest.xml:30:9-38:20
43            android:name="com.example.cardmaker.SplashScreen"
43-->src\main\AndroidManifest.xml:31:13-41
44            android:theme="@style/splash" >
44-->src\main\AndroidManifest.xml:32:13-42
45            <intent-filter>
45-->src\main\AndroidManifest.xml:33:13-37:29
46                <action android:name="android.intent.action.MAIN" />
46-->src\main\AndroidManifest.xml:34:17-69
46-->src\main\AndroidManifest.xml:34:25-66
47
48                <category android:name="android.intent.category.LAUNCHER" />
48-->src\main\AndroidManifest.xml:36:17-77
48-->src\main\AndroidManifest.xml:36:27-74
49            </intent-filter>
50        </activity>
51        <activity android:name="com.example.cardmaker.MainActivity" />
51-->src\main\AndroidManifest.xml:39:9-50
51-->src\main\AndroidManifest.xml:39:19-47
52        <activity
52-->src\main\AndroidManifest.xml:40:9-42:45
53            android:name="com.example.cardmaker.login.LoginActivity"
53-->src\main\AndroidManifest.xml:41:13-48
54            android:theme="@style/splash" />
54-->src\main\AndroidManifest.xml:42:13-42
55        <activity
55-->src\main\AndroidManifest.xml:43:9-45:44
56            android:name="com.example.cardmaker.login.RegisterActivity"
56-->src\main\AndroidManifest.xml:44:13-51
57            android:theme="@style/splash" />
57-->src\main\AndroidManifest.xml:45:13-42
58        <activity
58-->src\main\AndroidManifest.xml:46:9-49:43
59            android:name="com.example.cardmaker.MyCardEdit.McEdit"
59-->src\main\AndroidManifest.xml:47:13-46
60            android:screenOrientation="landscape"
60-->src\main\AndroidManifest.xml:48:13-50
61            android:theme="@style/Share" />
61-->src\main\AndroidManifest.xml:49:13-41
62        <activity
62-->src\main\AndroidManifest.xml:50:9-52:53
63            android:name="com.example.cardmaker.MyCardEdit.McEdit1"
63-->src\main\AndroidManifest.xml:51:13-47
64            android:screenOrientation="landscape" />
64-->src\main\AndroidManifest.xml:52:13-50
65        <activity
65-->src\main\AndroidManifest.xml:53:9-55:53
66            android:name="com.example.cardmaker.MyCardEdit.McEdit2"
66-->src\main\AndroidManifest.xml:54:13-47
67            android:screenOrientation="landscape" />
67-->src\main\AndroidManifest.xml:55:13-50
68        <activity
68-->src\main\AndroidManifest.xml:56:9-58:53
69            android:name="com.example.cardmaker.MyCardEdit.McEdit3"
69-->src\main\AndroidManifest.xml:57:13-47
70            android:screenOrientation="landscape" />
70-->src\main\AndroidManifest.xml:58:13-50
71        <activity
71-->src\main\AndroidManifest.xml:59:9-61:52
72            android:name="com.example.cardmaker.MyCardEdit.McEdit4"
72-->src\main\AndroidManifest.xml:60:13-47
73            android:screenOrientation="landscape" />
73-->src\main\AndroidManifest.xml:61:13-50
74        <activity
74-->src\main\AndroidManifest.xml:62:9-64:52
75            android:name="com.example.cardmaker.MyCardEdit.McEdit5"
75-->src\main\AndroidManifest.xml:63:13-47
76            android:screenOrientation="landscape" />
76-->src\main\AndroidManifest.xml:64:13-50
77        <activity
77-->src\main\AndroidManifest.xml:65:9-67:52
78            android:name="com.example.cardmaker.MyCardEdit.McEdit6"
78-->src\main\AndroidManifest.xml:66:13-47
79            android:screenOrientation="landscape" />
79-->src\main\AndroidManifest.xml:67:13-50
80        <activity android:name="com.example.cardmaker.ImageEdit.EditLogo" />
80-->src\main\AndroidManifest.xml:68:9-56
80-->src\main\AndroidManifest.xml:68:19-53
81        <activity android:name="com.example.cardmaker.ImageEdit.EditLogo1" />
81-->src\main\AndroidManifest.xml:69:9-57
81-->src\main\AndroidManifest.xml:69:19-54
82        <activity android:name="com.example.cardmaker.ImageEdit.EditLogo2" />
82-->src\main\AndroidManifest.xml:70:9-57
82-->src\main\AndroidManifest.xml:70:19-54
83        <activity android:name="com.example.cardmaker.ImageEdit.EditLogo3" />
83-->src\main\AndroidManifest.xml:71:9-57
83-->src\main\AndroidManifest.xml:71:19-54
84        <activity android:name="com.example.cardmaker.Send" />
84-->src\main\AndroidManifest.xml:72:9-42
84-->src\main\AndroidManifest.xml:72:19-39
85
86        <provider
87            android:name="android.support.v4.content.FileProvider"
87-->src\main\AndroidManifest.xml:75:13-67
88            android:authorities="com.example.cardmaker"
88-->src\main\AndroidManifest.xml:76:13-51
89            android:exported="false"
89-->src\main\AndroidManifest.xml:77:13-37
90            android:grantUriPermissions="true" >
90-->src\main\AndroidManifest.xml:78:13-47
91            <meta-data
91-->src\main\AndroidManifest.xml:79:13-81:53
92                android:name="android.support.FILE_PROVIDER_PATHS"
92-->src\main\AndroidManifest.xml:80:17-67
93                android:resource="@xml/filepaths" />
93-->src\main\AndroidManifest.xml:81:17-50
94        </provider>
95        <!--
96             FirebaseMessagingService performs security checks at runtime,
97             but set to not exported to explicitly avoid allowing another app to call it.
98        -->
99        <service
99-->[com.google.firebase:firebase-messaging:17.6.0] AndroidManifest.xml:28:9-34:19
100            android:name="com.google.firebase.messaging.FirebaseMessagingService"
100-->[com.google.firebase:firebase-messaging:17.6.0] AndroidManifest.xml:29:13-82
101            android:exported="false" >
101-->[com.google.firebase:firebase-messaging:17.6.0] AndroidManifest.xml:30:13-37
102            <intent-filter android:priority="-500" >
102-->[com.google.firebase:firebase-messaging:17.6.0] AndroidManifest.xml:31:13-33:29
102-->[com.google.firebase:firebase-messaging:17.6.0] AndroidManifest.xml:31:28-51
103                <action android:name="com.google.firebase.MESSAGING_EVENT" />
103-->src\main\AndroidManifest.xml:25:17-78
103-->src\main\AndroidManifest.xml:25:25-75
104            </intent-filter>
105        </service>
106        <service
106-->[com.google.firebase:firebase-database:17.0.0] AndroidManifest.xml:29:9-33:19
107            android:name="com.google.firebase.components.ComponentDiscoveryService"
107-->[com.google.firebase:firebase-database:17.0.0] AndroidManifest.xml:29:18-89
108            android:exported="false" >
108-->[com.google.firebase:firebase-auth:17.0.0] AndroidManifest.xml:35:13-37
109            <meta-data
109-->[com.google.firebase:firebase-database:17.0.0] AndroidManifest.xml:30:13-32:85
110                android:name="com.google.firebase.components:com.google.firebase.database.DatabaseRegistrar"
110-->[com.google.firebase:firebase-database:17.0.0] AndroidManifest.xml:31:17-109
111                android:value="com.google.firebase.components.ComponentRegistrar" />
111-->[com.google.firebase:firebase-database:17.0.0] AndroidManifest.xml:32:17-82
112            <meta-data
112-->[com.google.firebase:firebase-auth:17.0.0] AndroidManifest.xml:36:13-38:85
113                android:name="com.google.firebase.components:com.google.firebase.auth.FirebaseAuthRegistrar"
113-->[com.google.firebase:firebase-auth:17.0.0] AndroidManifest.xml:37:17-109
114                android:value="com.google.firebase.components.ComponentRegistrar" />
114-->[com.google.firebase:firebase-auth:17.0.0] AndroidManifest.xml:38:17-82
115            <meta-data
115-->[com.google.firebase:firebase-storage:17.0.0] AndroidManifest.xml:31:13-33:85
116                android:name="com.google.firebase.components:com.google.firebase.storage.StorageRegistrar"
116-->[com.google.firebase:firebase-storage:17.0.0] AndroidManifest.xml:32:17-107
117                android:value="com.google.firebase.components.ComponentRegistrar" />
117-->[com.google.firebase:firebase-storage:17.0.0] AndroidManifest.xml:33:17-82
118            <meta-data
118-->[com.google.android.gms:play-services-measurement-api:16.5.0] AndroidManifest.xml:30:13-32:85
119                android:name="com.google.firebase.components:com.google.firebase.analytics.connector.internal.AnalyticsConnectorRegistrar"
119-->[com.google.android.gms:play-services-measurement-api:16.5.0] AndroidManifest.xml:31:17-139
120                android:value="com.google.firebase.components.ComponentRegistrar" />
120-->[com.google.android.gms:play-services-measurement-api:16.5.0] AndroidManifest.xml:32:17-82
121            <meta-data
121-->[com.google.firebase:firebase-iid:17.1.2] AndroidManifest.xml:32:13-34:85
122                android:name="com.google.firebase.components:com.google.firebase.iid.Registrar"
122-->[com.google.firebase:firebase-iid:17.1.2] AndroidManifest.xml:33:17-96
123                android:value="com.google.firebase.components.ComponentRegistrar" />
123-->[com.google.firebase:firebase-iid:17.1.2] AndroidManifest.xml:34:17-82
124        </service>
125
126        <activity
126-->[com.google.firebase:firebase-auth:17.0.0] AndroidManifest.xml:24:9-31:50
127            android:name="com.google.firebase.auth.internal.FederatedSignInActivity"
127-->[com.google.firebase:firebase-auth:17.0.0] AndroidManifest.xml:25:13-85
128            android:excludeFromRecents="true"
128-->[com.google.firebase:firebase-auth:17.0.0] AndroidManifest.xml:26:13-46
129            android:exported="true"
129-->[com.google.firebase:firebase-auth:17.0.0] AndroidManifest.xml:27:13-36
130            android:launchMode="singleTask"
130-->[com.google.firebase:firebase-auth:17.0.0] AndroidManifest.xml:28:13-44
131            android:permission="com.google.firebase.auth.api.gms.permission.LAUNCH_FEDERATED_SIGN_IN"
131-->[com.google.firebase:firebase-auth:17.0.0] AndroidManifest.xml:29:13-102
132            android:theme="@android:style/Theme.Translucent.NoTitleBar" />
132-->[com.google.firebase:firebase-auth:17.0.0] AndroidManifest.xml:30:13-72
133
134        <receiver
134-->[com.google.firebase:firebase-iid:17.1.2] AndroidManifest.xml:37:9-44:20
135            android:name="com.google.firebase.iid.FirebaseInstanceIdReceiver"
135-->[com.google.firebase:firebase-iid:17.1.2] AndroidManifest.xml:38:13-78
136            android:exported="true"
136-->[com.google.firebase:firebase-iid:17.1.2] AndroidManifest.xml:39:13-36
137            android:permission="com.google.android.c2dm.permission.SEND" >
137-->[com.google.firebase:firebase-iid:17.1.2] AndroidManifest.xml:40:13-73
138            <intent-filter>
138-->[com.google.firebase:firebase-iid:17.1.2] AndroidManifest.xml:41:13-43:29
139                <action android:name="com.google.android.c2dm.intent.RECEIVE" />
139-->src\main\AndroidManifest.xml:26:17-81
139-->src\main\AndroidManifest.xml:26:25-78
140            </intent-filter>
141        </receiver>
142        <!--
143             FirebaseInstanceIdService performs security checks at runtime,
144             no need for explicit permissions despite exported="true"
145        -->
146        <service
146-->[com.google.firebase:firebase-iid:17.1.2] AndroidManifest.xml:50:9-56:19
147            android:name="com.google.firebase.iid.FirebaseInstanceIdService"
147-->[com.google.firebase:firebase-iid:17.1.2] AndroidManifest.xml:51:13-77
148            android:exported="true" >
148-->[com.google.firebase:firebase-iid:17.1.2] AndroidManifest.xml:52:13-36
149            <intent-filter android:priority="-500" >
149-->[com.google.firebase:firebase-iid:17.1.2] AndroidManifest.xml:53:13-55:29
149-->[com.google.firebase:firebase-iid:17.1.2] AndroidManifest.xml:53:28-51
150                <action android:name="com.google.firebase.INSTANCE_ID_EVENT" />
150-->[com.google.firebase:firebase-iid:17.1.2] AndroidManifest.xml:54:17-80
150-->[com.google.firebase:firebase-iid:17.1.2] AndroidManifest.xml:54:25-77
151            </intent-filter>
152        </service>
153
154        <provider
154-->[com.google.firebase:firebase-common:17.0.0] AndroidManifest.xml:12:9-16:39
155            android:name="com.google.firebase.provider.FirebaseInitProvider"
155-->[com.google.firebase:firebase-common:17.0.0] AndroidManifest.xml:13:13-77
156            android:authorities="com.example.cardmaker.firebaseinitprovider"
156-->[com.google.firebase:firebase-common:17.0.0] AndroidManifest.xml:14:13-72
157            android:exported="false"
157-->[com.google.firebase:firebase-common:17.0.0] AndroidManifest.xml:15:13-37
158            android:initOrder="100" />
158-->[com.google.firebase:firebase-common:17.0.0] AndroidManifest.xml:16:13-36
159
160        <activity
160-->[com.google.android.gms:play-services-base:16.0.1] AndroidManifest.xml:23:9-26:75
161            android:name="com.google.android.gms.common.api.GoogleApiActivity"
161-->[com.google.android.gms:play-services-base:16.0.1] AndroidManifest.xml:24:13-79
162            android:exported="false"
162-->[com.google.android.gms:play-services-base:16.0.1] AndroidManifest.xml:25:13-37
163            android:theme="@android:style/Theme.Translucent.NoTitleBar" />
163-->[com.google.android.gms:play-services-base:16.0.1] AndroidManifest.xml:26:13-72
164
165        <receiver
165-->[com.google.android.gms:play-services-measurement:16.5.0] AndroidManifest.xml:29:9-33:20
166            android:name="com.google.android.gms.measurement.AppMeasurementReceiver"
166-->[com.google.android.gms:play-services-measurement:16.5.0] AndroidManifest.xml:30:13-85
167            android:enabled="true"
167-->[com.google.android.gms:play-services-measurement:16.5.0] AndroidManifest.xml:31:13-35
168            android:exported="false" >
168-->[com.google.android.gms:play-services-measurement:16.5.0] AndroidManifest.xml:32:13-37
169        </receiver>
170        <receiver
170-->[com.google.android.gms:play-services-measurement:16.5.0] AndroidManifest.xml:34:9-42:20
171            android:name="com.google.android.gms.measurement.AppMeasurementInstallReferrerReceiver"
171-->[com.google.android.gms:play-services-measurement:16.5.0] AndroidManifest.xml:35:13-100
172            android:enabled="true"
172-->[com.google.android.gms:play-services-measurement:16.5.0] AndroidManifest.xml:36:13-35
173            android:exported="true"
173-->[com.google.android.gms:play-services-measurement:16.5.0] AndroidManifest.xml:37:13-36
174            android:permission="android.permission.INSTALL_PACKAGES" >
174-->[com.google.android.gms:play-services-measurement:16.5.0] AndroidManifest.xml:38:13-69
175            <intent-filter>
175-->[com.google.android.gms:play-services-measurement:16.5.0] AndroidManifest.xml:39:13-41:29
176                <action android:name="com.android.vending.INSTALL_REFERRER" />
176-->[com.google.android.gms:play-services-measurement:16.5.0] AndroidManifest.xml:40:17-79
176-->[com.google.android.gms:play-services-measurement:16.5.0] AndroidManifest.xml:40:25-76
177            </intent-filter>
178        </receiver>
179
180        <service
180-->[com.google.android.gms:play-services-measurement:16.5.0] AndroidManifest.xml:44:9-47:40
181            android:name="com.google.android.gms.measurement.AppMeasurementService"
181-->[com.google.android.gms:play-services-measurement:16.5.0] AndroidManifest.xml:45:13-84
182            android:enabled="true"
182-->[com.google.android.gms:play-services-measurement:16.5.0] AndroidManifest.xml:46:13-35
183            android:exported="false" />
183-->[com.google.android.gms:play-services-measurement:16.5.0] AndroidManifest.xml:47:13-37
184        <service
184-->[com.google.android.gms:play-services-measurement:16.5.0] AndroidManifest.xml:48:9-52:72
185            android:name="com.google.android.gms.measurement.AppMeasurementJobService"
185-->[com.google.android.gms:play-services-measurement:16.5.0] AndroidManifest.xml:49:13-87
186            android:enabled="true"
186-->[com.google.android.gms:play-services-measurement:16.5.0] AndroidManifest.xml:50:13-35
187            android:exported="false"
187-->[com.google.android.gms:play-services-measurement:16.5.0] AndroidManifest.xml:51:13-37
188            android:permission="android.permission.BIND_JOB_SERVICE" />
188-->[com.google.android.gms:play-services-measurement:16.5.0] AndroidManifest.xml:52:13-69
189
190        <meta-data
190-->[com.google.android.gms:play-services-basement:16.2.0] AndroidManifest.xml:23:9-25:69
191            android:name="com.google.android.gms.version"
191-->[com.google.android.gms:play-services-basement:16.2.0] AndroidManifest.xml:24:13-58
192            android:value="@integer/google_play_services_version" />
192-->[com.google.android.gms:play-services-basement:16.2.0] AndroidManifest.xml:25:13-66
193
194        <provider
194-->[com.squareup.picasso:picasso:2.71828] AndroidManifest.xml:8:9-11:40
195            android:name="com.squareup.picasso.PicassoProvider"
195-->[com.squareup.picasso:picasso:2.71828] AndroidManifest.xml:9:13-64
196            android:authorities="com.example.cardmaker.com.squareup.picasso"
196-->[com.squareup.picasso:picasso:2.71828] AndroidManifest.xml:10:13-72
197            android:exported="false" />
197-->[com.squareup.picasso:picasso:2.71828] AndroidManifest.xml:11:13-37
198    </application>
199
200</manifest>